Start testing: Dec 22 22:58 EST
----------------------------------------------------------
1/5 Testing: CPUTest.TestLDA
1/5 Test: CPUTest.TestLDA
Command: "/home/richard/Documents/Projects/gameboy/build/cpu_test" "--gtest_filter=CPUTest.TestLDA" "--gtest_also_run_disabled_tests"
Directory: /home/richard/Documents/Projects/gameboy/build
"CPUTest.TestLDA" start time: Dec 22 22:58 EST
Output:
----------------------------------------------------------
Running main() from /home/richard/Documents/Projects/gameboy/build/_deps/googletest-src/googletest/src/gtest_main.cc
Note: Google Test filter = CPUTest.TestLDA
[==========] Running 1 test from 1 test suite.
[----------] Global test environment set-up.
[----------] 1 test from CPUTest
[ RUN      ] CPUTest.TestLDA
[       OK ] CPUTest.TestLDA (0 ms)
[----------] 1 test from CPUTest (0 ms total)

[----------] Global test environment tear-down
[==========] 1 test from 1 test suite ran. (0 ms total)
[  PASSED  ] 1 test.
<end of output>
Test time =   0.00 sec
----------------------------------------------------------
Test Passed.
"CPUTest.TestLDA" end time: Dec 22 22:58 EST
"CPUTest.TestLDA" time elapsed: 00:00:00
----------------------------------------------------------

2/5 Testing: CPUTest.TestLDAZeroFlag
2/5 Test: CPUTest.TestLDAZeroFlag
Command: "/home/richard/Documents/Projects/gameboy/build/cpu_test" "--gtest_filter=CPUTest.TestLDAZeroFlag" "--gtest_also_run_disabled_tests"
Directory: /home/richard/Documents/Projects/gameboy/build
"CPUTest.TestLDAZeroFlag" start time: Dec 22 22:58 EST
Output:
----------------------------------------------------------
Running main() from /home/richard/Documents/Projects/gameboy/build/_deps/googletest-src/googletest/src/gtest_main.cc
Note: Google Test filter = CPUTest.TestLDAZeroFlag
[==========] Running 1 test from 1 test suite.
[----------] Global test environment set-up.
[----------] 1 test from CPUTest
[ RUN      ] CPUTest.TestLDAZeroFlag
[       OK ] CPUTest.TestLDAZeroFlag (0 ms)
[----------] 1 test from CPUTest (0 ms total)

[----------] Global test environment tear-down
[==========] 1 test from 1 test suite ran. (0 ms total)
[  PASSED  ] 1 test.
<end of output>
Test time =   0.00 sec
----------------------------------------------------------
Test Passed.
"CPUTest.TestLDAZeroFlag" end time: Dec 22 22:58 EST
"CPUTest.TestLDAZeroFlag" time elapsed: 00:00:00
----------------------------------------------------------

3/5 Testing: CPUTest.TestTAX
3/5 Test: CPUTest.TestTAX
Command: "/home/richard/Documents/Projects/gameboy/build/cpu_test" "--gtest_filter=CPUTest.TestTAX" "--gtest_also_run_disabled_tests"
Directory: /home/richard/Documents/Projects/gameboy/build
"CPUTest.TestTAX" start time: Dec 22 22:58 EST
Output:
----------------------------------------------------------
Running main() from /home/richard/Documents/Projects/gameboy/build/_deps/googletest-src/googletest/src/gtest_main.cc
Note: Google Test filter = CPUTest.TestTAX
[==========] Running 1 test from 1 test suite.
[----------] Global test environment set-up.
[----------] 1 test from CPUTest
[ RUN      ] CPUTest.TestTAX
[       OK ] CPUTest.TestTAX (0 ms)
[----------] 1 test from CPUTest (0 ms total)

[----------] Global test environment tear-down
[==========] 1 test from 1 test suite ran. (0 ms total)
[  PASSED  ] 1 test.
<end of output>
Test time =   0.00 sec
----------------------------------------------------------
Test Passed.
"CPUTest.TestTAX" end time: Dec 22 22:58 EST
"CPUTest.TestTAX" time elapsed: 00:00:00
----------------------------------------------------------

4/5 Testing: CPUTest.TestSimpleProgramFiveOps
4/5 Test: CPUTest.TestSimpleProgramFiveOps
Command: "/home/richard/Documents/Projects/gameboy/build/cpu_test" "--gtest_filter=CPUTest.TestSimpleProgramFiveOps" "--gtest_also_run_disabled_tests"
Directory: /home/richard/Documents/Projects/gameboy/build
"CPUTest.TestSimpleProgramFiveOps" start time: Dec 22 22:58 EST
Output:
----------------------------------------------------------
Running main() from /home/richard/Documents/Projects/gameboy/build/_deps/googletest-src/googletest/src/gtest_main.cc
Note: Google Test filter = CPUTest.TestSimpleProgramFiveOps
[==========] Running 1 test from 1 test suite.
[----------] Global test environment set-up.
[----------] 1 test from CPUTest
[ RUN      ] CPUTest.TestSimpleProgramFiveOps
[       OK ] CPUTest.TestSimpleProgramFiveOps (0 ms)
[----------] 1 test from CPUTest (0 ms total)

[----------] Global test environment tear-down
[==========] 1 test from 1 test suite ran. (0 ms total)
[  PASSED  ] 1 test.
<end of output>
Test time =   0.00 sec
----------------------------------------------------------
Test Passed.
"CPUTest.TestSimpleProgramFiveOps" end time: Dec 22 22:58 EST
"CPUTest.TestSimpleProgramFiveOps" time elapsed: 00:00:00
----------------------------------------------------------

5/5 Testing: CPUTest.TestINXOverflow
5/5 Test: CPUTest.TestINXOverflow
Command: "/home/richard/Documents/Projects/gameboy/build/cpu_test" "--gtest_filter=CPUTest.TestINXOverflow" "--gtest_also_run_disabled_tests"
Directory: /home/richard/Documents/Projects/gameboy/build
"CPUTest.TestINXOverflow" start time: Dec 22 22:58 EST
Output:
----------------------------------------------------------
Running main() from /home/richard/Documents/Projects/gameboy/build/_deps/googletest-src/googletest/src/gtest_main.cc
Note: Google Test filter = CPUTest.TestINXOverflow
[==========] Running 1 test from 1 test suite.
[----------] Global test environment set-up.
[----------] 1 test from CPUTest
[ RUN      ] CPUTest.TestINXOverflow
[       OK ] CPUTest.TestINXOverflow (0 ms)
[----------] 1 test from CPUTest (0 ms total)

[----------] Global test environment tear-down
[==========] 1 test from 1 test suite ran. (0 ms total)
[  PASSED  ] 1 test.
<end of output>
Test time =   0.00 sec
----------------------------------------------------------
Test Passed.
"CPUTest.TestINXOverflow" end time: Dec 22 22:58 EST
"CPUTest.TestINXOverflow" time elapsed: 00:00:00
----------------------------------------------------------

End testing: Dec 22 22:58 EST
